Captures Directory: D:\Trabajo\Ponchador\ponchador-service\PONCHADOR RM\server\captures
✅ Archivo .env.local del client actualizado automáticamente.

========================================
✓ HTTPS Server Started Successfully
========================================
Port: 3000
Time: 27/1/2026, 11:59:48 a. m.

Access URLs:
  Local:    https://localhost:3000
✓ Connected to SQL Server
✅ PTORequests table verified
  Network:  https://192.168.101.103:3000

Endpoints:
  POST /api/clock  - Clock in/out
  GET  /api/health - Health check
========================================

[2026-01-27T17:01:56.423Z] GET /cse.api.v1/GetEmployees from 192.168.101.103
Getting employee details for ID: undefined
[2026-01-27T17:03:06.911Z] GET /cse.api.v1/GetEmployees from 192.168.101.103
Getting employee details for ID: undefined
