2026-01-27 10:50:33 - Starting C:\nodejs\node.exe  --max_old_space_size=4096 "D:\Trabajo\Ponchador\ponchador-service\PONCHADOR RM\client\node_modules\node-windows\lib\wrapper.js" --file "D:\Trabajo\Ponchador\ponchador-service\PONCHADOR RM\client\server.cjs" --scriptoptions= --log "TimeClockClient wrapper" --grow 0.25 --wait 1 --maxrestarts 3 --abortonerror n --stopparentfirst undefined
2026-01-27 10:50:33 - Started 26388
2026-01-27 10:50:56 - Stopping timeclockclient.exe
2026-01-27 10:50:56 - ProcessKill 26388
2026-01-27 10:50:56 - Found child process: 33712 Name: conhost.exe
2026-01-27 10:50:56 - Found child process: 16232 Name: node.exe
2026-01-27 10:50:56 - Stopping process 33712
2026-01-27 10:50:56 - Send SIGINT 33712
2026-01-27 10:50:56 - SIGINT to 33712 failed - Killing as fallback
2026-01-27 10:50:57 - Stopping process 16232
2026-01-27 10:50:57 - Send SIGINT 16232
2026-01-27 10:50:57 - SIGINT to 16232 failed - Killing as fallback
2026-01-27 10:50:57 - Stopping process 26388
2026-01-27 10:50:57 - Send SIGINT 26388
2026-01-27 10:50:57 - SIGINT to 26388 failed - Killing as fallback
2026-01-27 10:50:57 - Finished timeclockclient.exe
2026-01-27 10:55:27 - Starting C:\nodejs\node.exe  --max_old_space_size=4096 "D:\Trabajo\Ponchador\ponchador-service\PONCHADOR RM\client\node_modules\node-windows\lib\wrapper.js" --file "D:\Trabajo\Ponchador\ponchador-service\PONCHADOR RM\client\server.cjs" --scriptoptions= --log "TimeClockClient wrapper" --grow 0.25 --wait 1 --maxrestarts 3 --abortonerror n --stopparentfirst undefined
2026-01-27 10:55:27 - Started 33384
2026-01-27 12:08:09 - Stopping timeclockclient.exe
2026-01-27 12:08:09 - ProcessKill 33384
2026-01-27 12:08:09 - Found child process: 2456 Name: conhost.exe
2026-01-27 12:08:09 - Found child process: 30324 Name: node.exe
2026-01-27 12:08:09 - Stopping process 2456
2026-01-27 12:08:09 - Send SIGINT 2456
2026-01-27 12:08:09 - SIGINT to 2456 failed - Killing as fallback
2026-01-27 12:08:09 - Stopping process 30324
2026-01-27 12:08:09 - Send SIGINT 30324
2026-01-27 12:08:09 - SIGINT to 30324 failed - Killing as fallback
2026-01-27 12:08:09 - Stopping process 33384
2026-01-27 12:08:09 - Send SIGINT 33384
2026-01-27 12:08:09 - SIGINT to 33384 failed - Killing as fallback
2026-01-27 12:08:09 - Finished timeclockclient.exe
